{"C:\\Users\\NIL\\WebstormProjects\\adidas-api-server\\app.js":{"path":"C:\\Users\\NIL\\WebstormProjects\\adidas-api-server\\app.js","s":{"1":1,"2":1,"3":1,"4":1,"5":1,"6":1,"7":1,"8":1,"9":1,"10":1,"11":1,"12":1,"13":1,"14":1,"15":1,"16":1,"17":1,"18":1,"19":1,"20":1,"21":1,"22":0,"23":1},"b":{},"f":{"1":1,"2":0},"fnMap":{"1":{"name":"(anonymous_1)","line":21,"loc":{"start":{"line":21,"column":8},"end":{"line":21,"column":28}}},"2":{"name":"(anonymous_2)","line":34,"loc":{"start":{"line":34,"column":32},"end":{"line":34,"column":47}}}},"statementMap":{"1":{"start":{"line":1,"column":0},"end":{"line":1,"column":33}},"2":{"start":{"line":2,"column":0},"end":{"line":2,"column":20}},"3":{"start":{"line":3,"column":0},"end":{"line":3,"column":29}},"4":{"start":{"line":4,"column":0},"end":{"line":4,"column":48}},"5":{"start":{"line":5,"column":0},"end":{"line":5,"column":23}},"6":{"start":{"line":6,"column":0},"end":{"line":6,"column":29}},"7":{"start":{"line":7,"column":0},"end":{"line":7,"column":25}},"8":{"start":{"line":8,"column":0},"end":{"line":8,"column":49}},"9":{"start":{"line":10,"column":0},"end":{"line":10,"column":21}},"10":{"start":{"line":11,"column":0},"end":{"line":11,"column":19}},"11":{"start":{"line":14,"column":0},"end":{"line":14,"column":33}},"12":{"start":{"line":16,"column":0},"end":{"line":16,"column":32}},"13":{"start":{"line":17,"column":0},"end":{"line":17,"column":34}},"14":{"start":{"line":18,"column":0},"end":{"line":18,"column":16}},"15":{"start":{"line":21,"column":0},"end":{"line":32,"column":3}},"16":{"start":{"line":22,"column":4},"end":{"line":22,"column":29}},"17":{"start":{"line":23,"column":4},"end":{"line":23,"column":35}},"18":{"start":{"line":24,"column":4},"end":{"line":24,"column":51}},"19":{"start":{"line":25,"column":4},"end":{"line":25,"column":20}},"20":{"start":{"line":26,"column":4},"end":{"line":31,"column":7}},"21":{"start":{"line":34,"column":0},"end":{"line":37,"column":3}},"22":{"start":{"line":36,"column":4},"end":{"line":36,"column":20}},"23":{"start":{"line":39,"column":0},"end":{"line":39,"column":21}}},"branchMap":{}},"C:\\Users\\NIL\\WebstormProjects\\adidas-api-server\\config\\environments\\index.js":{"path":"C:\\Users\\NIL\\WebstormProjects\\adidas-api-server\\config\\environments\\index.js","s":{"1":1,"2":1,"3":1,"4":1,"5":1,"6":1},"b":{"1":[1,1]},"f":{},"fnMap":{},"statementMap":{"1":{"start":{"line":1,"column":0},"end":{"line":1,"column":22}},"2":{"start":{"line":2,"column":0},"end":{"line":2,"column":25}},"3":{"start":{"line":3,"column":0},"end":{"line":3,"column":36}},"4":{"start":{"line":4,"column":0},"end":{"line":4,"column":53}},"5":{"start":{"line":5,"column":0},"end":{"line":5,"column":25}},"6":{"start":{"line":6,"column":0},"end":{"line":6,"column":22}}},"branchMap":{"1":{"line":4,"type":"binary-expr","locations":[{"start":{"line":4,"column":12},"end":{"line":4,"column":23}},{"start":{"line":4,"column":27},"end":{"line":4,"column":52}}]}}},"C:\\Users\\NIL\\WebstormProjects\\adidas-api-server\\config\\express.js":{"path":"C:\\Users\\NIL\\WebstormProjects\\adidas-api-server\\config\\express.js","s":{"1":1,"2":1,"3":1,"4":1,"5":1,"6":1,"7":1,"8":1,"9":1,"10":1,"11":1,"12":1,"13":1,"14":1,"15":1,"16":1,"17":1,"18":1,"19":1,"20":2,"21":2,"22":2,"23":2,"24":0,"25":2,"26":2,"27":1,"28":1,"29":1,"30":1,"31":1,"32":1,"33":1,"34":1,"35":1,"36":1,"37":1,"38":1,"39":1,"40":1},"b":{"1":[0,2],"2":[2,2,2],"3":[2,0],"4":[2,0]},"f":{"1":1,"2":2,"3":1},"fnMap":{"1":{"name":"setupCORS","line":35,"loc":{"start":{"line":35,"column":0},"end":{"line":35,"column":24}}},"2":{"name":"getAppPath","line":43,"loc":{"start":{"line":43,"column":0},"end":{"line":43,"column":25}}},"3":{"name":"configureApp","line":55,"loc":{"start":{"line":55,"column":0},"end":{"line":55,"column":27}}}},"statementMap":{"1":{"start":{"line":3,"column":0},"end":{"line":33,"column":2}},"2":{"start":{"line":4,"column":4},"end":{"line":4,"column":37}},"3":{"start":{"line":5,"column":4},"end":{"line":5,"column":35}},"4":{"start":{"line":6,"column":4},"end":{"line":6,"column":47}},"5":{"start":{"line":9,"column":4},"end":{"line":9,"column":43}},"6":{"start":{"line":10,"column":4},"end":{"line":10,"column":33}},"7":{"start":{"line":13,"column":4},"end":{"line":13,"column":50}},"8":{"start":{"line":16,"column":4},"end":{"line":16,"column":27}},"9":{"start":{"line":19,"column":4},"end":{"line":19,"column":19}},"10":{"start":{"line":22,"column":4},"end":{"line":22,"column":30}},"11":{"start":{"line":23,"column":4},"end":{"line":23,"column":32}},"12":{"start":{"line":26,"column":4},"end":{"line":26,"column":22}},"13":{"start":{"line":29,"column":4},"end":{"line":29,"column":45}},"14":{"start":{"line":32,"column":4},"end":{"line":32,"column":28}},"15":{"start":{"line":35,"column":0},"end":{"line":41,"column":1}},"16":{"start":{"line":36,"column":4},"end":{"line":36,"column":31}},"17":{"start":{"line":37,"column":4},"end":{"line":39,"column":6}},"18":{"start":{"line":40,"column":4},"end":{"line":40,"column":31}},"19":{"start":{"line":43,"column":0},"end":{"line":53,"column":1}},"20":{"start":{"line":44,"column":4},"end":{"line":44,"column":31}},"21":{"start":{"line":45,"column":4},"end":{"line":45,"column":43}},"22":{"start":{"line":46,"column":4},"end":{"line":46,"column":29}},"23":{"start":{"line":48,"column":4},"end":{"line":52,"column":5}},"24":{"start":{"line":49,"column":8},"end":{"line":49,"column":48}},"25":{"start":{"line":50,"column":11},"end":{"line":52,"column":5}},"26":{"start":{"line":51,"column":8},"end":{"line":51,"column":50}},"27":{"start":{"line":55,"column":0},"end":{"line":81,"column":1}},"28":{"start":{"line":56,"column":4},"end":{"line":56,"column":44}},"29":{"start":{"line":57,"column":4},"end":{"line":57,"column":52}},"30":{"start":{"line":58,"column":4},"end":{"line":58,"column":48}},"31":{"start":{"line":59,"column":4},"end":{"line":59,"column":43}},"32":{"start":{"line":63,"column":4},"end":{"line":63,"column":75}},"33":{"start":{"line":64,"column":4},"end":{"line":64,"column":73}},"34":{"start":{"line":65,"column":4},"end":{"line":65,"column":70}},"35":{"start":{"line":68,"column":4},"end":{"line":68,"column":52}},"36":{"start":{"line":69,"column":4},"end":{"line":69,"column":50}},"37":{"start":{"line":70,"column":4},"end":{"line":70,"column":35}},"38":{"start":{"line":73,"column":4},"end":{"line":73,"column":30}},"39":{"start":{"line":79,"column":4},"end":{"line":79,"column":28}},"40":{"start":{"line":80,"column":4},"end":{"line":80,"column":40}}},"branchMap":{"1":{"line":48,"type":"if","locations":[{"start":{"line":48,"column":4},"end":{"line":48,"column":4}},{"start":{"line":48,"column":4},"end":{"line":48,"column":4}}]},"2":{"line":48,"type":"binary-expr","locations":[{"start":{"line":48,"column":8},"end":{"line":48,"column":28}},{"start":{"line":48,"column":32},"end":{"line":48,"column":49}},{"start":{"line":48,"column":53},"end":{"line":48,"column":66}}]},"3":{"line":50,"type":"if","locations":[{"start":{"line":50,"column":11},"end":{"line":50,"column":11}},{"start":{"line":50,"column":11},"end":{"line":50,"column":11}}]},"4":{"line":50,"type":"binary-expr","locations":[{"start":{"line":50,"column":15},"end":{"line":50,"column":36}},{"start":{"line":50,"column":40},"end":{"line":50,"column":54}}]}}},"C:\\Users\\NIL\\WebstormProjects\\adidas-api-server\\libs\\logger.js":{"path":"C:\\Users\\NIL\\WebstormProjects\\adidas-api-server\\libs\\logger.js","s":{"1":1,"2":1,"3":1,"4":1,"5":1,"6":1,"7":0,"8":1,"9":0,"10":2,"11":1,"12":1,"13":1,"14":5,"15":1,"16":1,"17":0,"18":0,"19":2,"20":2,"21":1,"22":1,"23":1,"24":1},"b":{"1":[1,0,2,1,1]},"f":{"1":0,"2":1,"3":0,"4":2,"5":1,"6":1,"7":5},"fnMap":{"1":{"name":"(anonymous_1)","line":9,"loc":{"start":{"line":9,"column":4},"end":{"line":9,"column":13}}},"2":{"name":"(anonymous_2)","line":12,"loc":{"start":{"line":12,"column":6},"end":{"line":12,"column":15}}},"3":{"name":"(anonymous_3)","line":15,"loc":{"start":{"line":15,"column":6},"end":{"line":15,"column":15}}},"4":{"name":"(anonymous_4)","line":18,"loc":{"start":{"line":18,"column":5},"end":{"line":18,"column":14}}},"5":{"name":"(anonymous_5)","line":21,"loc":{"start":{"line":21,"column":5},"end":{"line":21,"column":14}}},"6":{"name":"(anonymous_6)","line":24,"loc":{"start":{"line":24,"column":6},"end":{"line":24,"column":15}}},"7":{"name":"doLog","line":29,"loc":{"start":{"line":29,"column":0},"end":{"line":29,"column":29}}}},"statementMap":{"1":{"start":{"line":2,"column":0},"end":{"line":2,"column":26}},"2":{"start":{"line":3,"column":0},"end":{"line":3,"column":26}},"3":{"start":{"line":4,"column":0},"end":{"line":4,"column":24}},"4":{"start":{"line":5,"column":0},"end":{"line":5,"column":24}},"5":{"start":{"line":6,"column":0},"end":{"line":6,"column":26}},"6":{"start":{"line":8,"column":0},"end":{"line":27,"column":1}},"7":{"start":{"line":10,"column":2},"end":{"line":10,"column":28}},"8":{"start":{"line":13,"column":2},"end":{"line":13,"column":29}},"9":{"start":{"line":16,"column":2},"end":{"line":16,"column":29}},"10":{"start":{"line":19,"column":2},"end":{"line":19,"column":28}},"11":{"start":{"line":22,"column":2},"end":{"line":22,"column":28}},"12":{"start":{"line":25,"column":2},"end":{"line":25,"column":29}},"13":{"start":{"line":29,"column":0},"end":{"line":47,"column":1}},"14":{"start":{"line":30,"column":1},"end":{"line":46,"column":2}},"15":{"start":{"line":32,"column":3},"end":{"line":32,"column":26}},"16":{"start":{"line":33,"column":3},"end":{"line":33,"column":9}},"17":{"start":{"line":35,"column":3},"end":{"line":35,"column":26}},"18":{"start":{"line":36,"column":3},"end":{"line":36,"column":9}},"19":{"start":{"line":38,"column":3},"end":{"line":38,"column":25}},"20":{"start":{"line":39,"column":3},"end":{"line":39,"column":9}},"21":{"start":{"line":41,"column":3},"end":{"line":41,"column":25}},"22":{"start":{"line":42,"column":3},"end":{"line":42,"column":9}},"23":{"start":{"line":44,"column":3},"end":{"line":44,"column":26}},"24":{"start":{"line":45,"column":3},"end":{"line":45,"column":9}}},"branchMap":{"1":{"line":30,"type":"switch","locations":[{"start":{"line":31,"column":2},"end":{"line":33,"column":9}},{"start":{"line":34,"column":2},"end":{"line":36,"column":9}},{"start":{"line":37,"column":2},"end":{"line":39,"column":9}},{"start":{"line":40,"column":2},"end":{"line":42,"column":9}},{"start":{"line":43,"column":2},"end":{"line":45,"column":9}}]}}},"C:\\Users\\NIL\\WebstormProjects\\adidas-api-server\\modules\\index.js":{"path":"C:\\Users\\NIL\\WebstormProjects\\adidas-api-server\\modules\\index.js","s":{"1":1,"2":1,"3":1,"4":1,"5":5,"6":1,"7":1,"8":2,"9":2,"10":1,"11":1,"12":1},"b":{"1":[2,2]},"f":{"1":1,"2":1,"3":2,"4":1},"fnMap":{"1":{"name":"(anonymous_1)","line":7,"loc":{"start":{"line":7,"column":15},"end":{"line":7,"column":21}}},"2":{"name":"(anonymous_2)","line":15,"loc":{"start":{"line":15,"column":15},"end":{"line":15,"column":21}}},"3":{"name":"(anonymous_3)","line":16,"loc":{"start":{"line":16,"column":47},"end":{"line":16,"column":63}}},"4":{"name":"(anonymous_4)","line":19,"loc":{"start":{"line":19,"column":19},"end":{"line":19,"column":35}}}},"statementMap":{"1":{"start":{"line":4,"column":0},"end":{"line":4,"column":27}},"2":{"start":{"line":5,"column":0},"end":{"line":5,"column":23}},"3":{"start":{"line":6,"column":0},"end":{"line":25,"column":2}},"4":{"start":{"line":9,"column":8},"end":{"line":11,"column":10}},"5":{"start":{"line":10,"column":12},"end":{"line":10,"column":19}},"6":{"start":{"line":12,"column":8},"end":{"line":12,"column":30}},"7":{"start":{"line":16,"column":8},"end":{"line":23,"column":11}},"8":{"start":{"line":17,"column":12},"end":{"line":17,"column":60}},"9":{"start":{"line":18,"column":12},"end":{"line":18,"column":68}},"10":{"start":{"line":20,"column":12},"end":{"line":20,"column":48}},"11":{"start":{"line":21,"column":12},"end":{"line":21,"column":59}},"12":{"start":{"line":22,"column":12},"end":{"line":22,"column":30}}},"branchMap":{"1":{"line":18,"type":"binary-expr","locations":[{"start":{"line":18,"column":20},"end":{"line":18,"column":43}},{"start":{"line":18,"column":47},"end":{"line":18,"column":66}}]}}},"C:\\Users\\NIL\\WebstormProjects\\adidas-api-server\\modules\\articals\\index.js":{"path":"C:\\Users\\NIL\\WebstormProjects\\adidas-api-server\\modules\\articals\\index.js","s":{"1":1,"2":1,"3":1,"4":1,"5":1,"6":1,"7":1,"8":1,"9":2,"10":2,"11":2,"12":2,"13":2,"14":2,"15":1,"16":1,"17":1,"18":1,"19":1,"20":1},"b":{},"f":{"1":1,"2":2,"3":1,"4":1},"fnMap":{"1":{"name":"(anonymous_1)","line":4,"loc":{"start":{"line":4,"column":15},"end":{"line":4,"column":21}}},"2":{"name":"(anonymous_2)","line":14,"loc":{"start":{"line":14,"column":7},"end":{"line":14,"column":18}}},"3":{"name":"(anonymous_3)","line":23,"loc":{"start":{"line":23,"column":10},"end":{"line":23,"column":21}}},"4":{"name":"(anonymous_4)","line":30,"loc":{"start":{"line":30,"column":8},"end":{"line":30,"column":19}}}},"statementMap":{"1":{"start":{"line":1,"column":0},"end":{"line":1,"column":33}},"2":{"start":{"line":2,"column":0},"end":{"line":2,"column":26}},"3":{"start":{"line":3,"column":0},"end":{"line":35,"column":2}},"4":{"start":{"line":5,"column":8},"end":{"line":5,"column":38}},"5":{"start":{"line":6,"column":8},"end":{"line":6,"column":35}},"6":{"start":{"line":8,"column":8},"end":{"line":8,"column":43}},"7":{"start":{"line":9,"column":8},"end":{"line":9,"column":52}},"8":{"start":{"line":10,"column":8},"end":{"line":10,"column":43}},"9":{"start":{"line":15,"column":8},"end":{"line":15,"column":47}},"10":{"start":{"line":16,"column":8},"end":{"line":16,"column":38}},"11":{"start":{"line":17,"column":8},"end":{"line":17,"column":60}},"12":{"start":{"line":18,"column":8},"end":{"line":18,"column":28}},"13":{"start":{"line":19,"column":8},"end":{"line":19,"column":24}},"14":{"start":{"line":20,"column":8},"end":{"line":20,"column":78}},"15":{"start":{"line":24,"column":8},"end":{"line":24,"column":41}},"16":{"start":{"line":25,"column":8},"end":{"line":25,"column":35}},"17":{"start":{"line":26,"column":8},"end":{"line":26,"column":24}},"18":{"start":{"line":27,"column":8},"end":{"line":27,"column":80}},"19":{"start":{"line":31,"column":8},"end":{"line":31,"column":24}},"20":{"start":{"line":32,"column":8},"end":{"line":32,"column":71}}},"branchMap":{}}}