TN:
SF:C:\Users\NIL\WebstormProjects\adidas-api-server\app.js
FN:21,(anonymous_1)
FN:34,(anonymous_2)
FNF:2
FNH:1
FNDA:1,(anonymous_1)
FNDA:0,(anonymous_2)
DA:1,1
DA:2,1
DA:3,1
DA:4,1
DA:5,1
DA:6,1
DA:7,1
DA:8,1
DA:10,1
DA:11,1
DA:14,1
DA:16,1
DA:17,1
DA:18,1
DA:21,1
DA:22,1
DA:23,1
DA:24,1
DA:25,1
DA:26,1
DA:34,1
DA:36,0
DA:39,1
LF:23
LH:22
BRF:0
BRH:0
end_of_record
TN:
SF:C:\Users\NIL\WebstormProjects\adidas-api-server\config\environments\index.js
FNF:0
FNH:0
DA:1,1
DA:2,1
DA:3,1
DA:4,1
DA:5,1
DA:6,1
LF:6
LH:6
BRDA:4,1,0,1
BRDA:4,1,1,1
BRF:2
BRH:2
end_of_record
TN:
SF:C:\Users\NIL\WebstormProjects\adidas-api-server\config\express.js
FN:35,setupCORS
FN:43,getAppPath
FN:55,configureApp
FNF:3
FNH:3
FNDA:1,setupCORS
FNDA:2,getAppPath
FNDA:1,configureApp
DA:3,1
DA:4,1
DA:5,1
DA:6,1
DA:9,1
DA:10,1
DA:13,1
DA:16,1
DA:19,1
DA:22,1
DA:23,1
DA:26,1
DA:29,1
DA:32,1
DA:35,1
DA:36,1
DA:37,1
DA:40,1
DA:43,1
DA:44,2
DA:45,2
DA:46,2
DA:48,2
DA:49,0
DA:50,2
DA:51,2
DA:55,1
DA:56,1
DA:57,1
DA:58,1
DA:59,1
DA:63,1
DA:64,1
DA:65,1
DA:68,1
DA:69,1
DA:70,1
DA:73,1
DA:79,1
DA:80,1
LF:40
LH:39
BRDA:48,1,0,0
BRDA:48,1,1,2
BRDA:48,2,0,2
BRDA:48,2,1,2
BRDA:48,2,2,2
BRDA:50,3,0,2
BRDA:50,3,1,0
BRDA:50,4,0,2
BRDA:50,4,1,0
BRF:9
BRH:6
end_of_record
TN:
SF:C:\Users\NIL\WebstormProjects\adidas-api-server\libs\logger.js
FN:9,(anonymous_1)
FN:12,(anonymous_2)
FN:15,(anonymous_3)
FN:18,(anonymous_4)
FN:21,(anonymous_5)
FN:24,(anonymous_6)
FN:29,doLog
FNF:7
FNH:5
FNDA:0,(anonymous_1)
FNDA:1,(anonymous_2)
FNDA:0,(anonymous_3)
FNDA:2,(anonymous_4)
FNDA:1,(anonymous_5)
FNDA:1,(anonymous_6)
FNDA:5,doLog
DA:2,1
DA:3,1
DA:4,1
DA:5,1
DA:6,1
DA:8,1
DA:10,0
DA:13,1
DA:16,0
DA:19,2
DA:22,1
DA:25,1
DA:29,1
DA:30,5
DA:32,1
DA:33,1
DA:35,0
DA:36,0
DA:38,2
DA:39,2
DA:41,1
DA:42,1
DA:44,1
DA:45,1
LF:24
LH:20
BRDA:30,1,0,1
BRDA:30,1,1,0
BRDA:30,1,2,2
BRDA:30,1,3,1
BRDA:30,1,4,1
BRF:5
BRH:4
end_of_record
TN:
SF:C:\Users\NIL\WebstormProjects\adidas-api-server\modules\index.js
FN:7,(anonymous_1)
FN:15,(anonymous_2)
FN:16,(anonymous_3)
FN:19,(anonymous_4)
FNF:4
FNH:4
FNDA:1,(anonymous_1)
FNDA:1,(anonymous_2)
FNDA:2,(anonymous_3)
FNDA:1,(anonymous_4)
DA:4,1
DA:5,1
DA:6,1
DA:9,1
DA:10,5
DA:12,1
DA:16,1
DA:17,2
DA:18,2
DA:20,1
DA:21,1
DA:22,1
LF:12
LH:12
BRDA:18,1,0,2
BRDA:18,1,1,2
BRF:2
BRH:2
end_of_record
TN:
SF:C:\Users\NIL\WebstormProjects\adidas-api-server\modules\articals\index.js
FN:4,(anonymous_1)
FN:14,(anonymous_2)
FN:23,(anonymous_3)
FN:30,(anonymous_4)
FNF:4
FNH:4
FNDA:1,(anonymous_1)
FNDA:2,(anonymous_2)
FNDA:1,(anonymous_3)
FNDA:1,(anonymous_4)
DA:1,1
DA:2,1
DA:3,1
DA:5,1
DA:6,1
DA:8,1
DA:9,1
DA:10,1
DA:15,2
DA:16,2
DA:17,2
DA:18,2
DA:19,2
DA:20,2
DA:24,1
DA:25,1
DA:26,1
DA:27,1
DA:31,1
DA:32,1
LF:20
LH:20
BRF:0
BRH:0
end_of_record
